Fri Apr 29 23:11:04 2016 96 5 1 0 0 {'country': 'bangladesh'}
Fri Apr 29 23:11:05 2016 95 5 2 0 0 {'country': 'belgium'}
Fri Apr 29 23:11:06 2016 94 5 3 0 0 {'country': 'bhutan'}
Fri Apr 29 23:11:11 2016 93 5 4 0 0 {'country': 'brazil'}
Fri Apr 29 23:11:12 2016 92 5 5 0 0 {'country': 'bulgaria'}
Fri Apr 29 23:11:13 2016 91 5 6 0 0 {'country': 'Burkina_Faso'}
Fri Apr 29 23:11:13 2016 90 5 7 0 0 {'country': 'canada'}
Fri Apr 29 23:11:14 2016 89 5 8 0 0 {'country': 'Cape_Verde'}
Fri Apr 29 23:11:14 2016 88 5 9 0 0 {'country': 'chile'}
Fri Apr 29 23:11:15 2016 87 5 10 0 0 {'country': 'china'}
Fri Apr 29 23:11:15 2016 86 5 11 0 0 {'country': 'colombia'}
Fri Apr 29 23:11:15 2016 85 5 12 0 0 {'country': 'costa-rica'}
Fri Apr 29 23:11:15 2016 84 5 13 0 0 {'country': 'croatia'}
Fri Apr 29 23:11:16 2016 83 5 14 0 0 {'country': 'czech-republic'}
Fri Apr 29 23:11:16 2016 82 5 15 0 0 {'country': 'denmark'}
Fri Apr 29 23:11:17 2016 81 5 16 0 0 {'country': 'Dominican_Republic'}
Fri Apr 29 23:11:21 2016 80 5 17 0 0 {'country': 'ecuador'}
Fri Apr 29 23:11:22 2016 79 5 18 0 0 {'country': 'egypt'}
Fri Apr 29 23:11:23 2016 78 5 19 0 0 {'country': 'el-salvador'}
Fri Apr 29 23:11:23 2016 77 5 20 0 0 {'country': 'estonia'}
Fri Apr 29 23:11:24 2016 76 5 21 0 0 {'country': 'ethiopia'}
Fri Apr 29 23:11:26 2016 75 5 22 0 0 {'country': 'Fiji'}
Fri Apr 29 23:11:26 2016 74 5 23 0 0 {'country': 'finland'}
Fri Apr 29 23:11:26 2016 73 5 24 0 0 {'country': 'france'}
Fri Apr 29 23:11:26 2016 72 5 25 0 0 {'country': 'germany'}
Fri Apr 29 23:11:28 2016 71 5 26 0 0 {'country': 'ghana'}
Fri Apr 29 23:11:28 2016 70 5 27 0 0 {'country': 'greece'}
Fri Apr 29 23:11:28 2016 69 5 28 0 0 {'country': 'guatemala'}
Fri Apr 29 23:11:28 2016 68 5 29 0 0 {'country': 'Honduras'}
Fri Apr 29 23:11:33 2016 67 5 30 0 0 {'country': 'hong-kong'}
Fri Apr 29 23:11:33 2016 66 5 31 0 0 {'country': 'hungary'}
Fri Apr 29 23:11:33 2016 65 5 32 0 0 {'country': 'iceland'}
Fri Apr 29 23:11:34 2016 64 5 33 0 0 {'country': 'india'}
Fri Apr 29 23:11:34 2016 63 5 34 0 0 {'country': 'indonesia'}
Fri Apr 29 23:11:35 2016 62 5 35 0 0 {'country': 'iran'}
Fri Apr 29 23:11:36 2016 61 5 36 0 0 {'country': 'iraq'}
Fri Apr 29 23:11:36 2016 60 5 37 0 0 {'country': 'ireland'}
Fri Apr 29 23:11:37 2016 59 5 38 0 0 {'country': 'israel'}
Fri Apr 29 23:11:38 2016 58 5 39 0 0 {'country': 'italy'}
Fri Apr 29 23:11:43 2016 58 5 39 0 0 {'country': 'jamaica'}
Fri Apr 29 23:11:43 2016 57 5 40 0 0 {'country': 'japan'}
Fri Apr 29 23:11:43 2016 56 5 41 0 0 {'country': 'jordan'}
Fri Apr 29 23:11:44 2016 55 5 42 0 0 {'country': 'kenya'}
Fri Apr 29 23:11:45 2016 54 5 43 0 0 {'country': 'kuwait'}
Fri Apr 29 23:11:45 2016 53 5 44 0 0 {'country': 'latvia'}
Fri Apr 29 23:11:45 2016 52 5 45 0 0 {'country': 'lebanon'}
Fri Apr 29 23:11:46 2016 51 5 46 0 0 {'country': 'libya'}
Fri Apr 29 23:11:46 2016 50 5 47 0 0 {'country': 'lithuania'}
Fri Apr 29 23:11:47 2016 49 5 48 0 0 {'country': 'luxemburg'}
Fri Apr 29 23:11:48 2016 48 5 49 0 0 {'country': 'malawi'}
Fri Apr 29 23:11:48 2016 47 5 50 0 0 {'country': 'malaysia'}
Fri Apr 29 23:11:48 2016 46 5 51 0 0 {'country': 'malta'}
Fri Apr 29 23:11:49 2016 45 5 52 0 0 {'country': 'mexico'}
Fri Apr 29 23:11:51 2016 44 5 53 0 0 {'country': 'morocco'}
Fri Apr 29 23:11:51 2016 43 5 54 0 0 {'country': 'mozambique'}
Fri Apr 29 23:11:53 2016 42 5 56 0 0 {'country': 'Namibia'}
Fri Apr 29 23:11:53 2016 41 5 56 0 0 {'country': 'nepal'}
Fri Apr 29 23:11:55 2016 40 5 57 0 0 {'country': 'netherlands'}
Fri Apr 29 23:11:57 2016 39 5 58 0 0 {'country': 'new-zealand'}
Fri Apr 29 23:11:57 2016 38 5 59 0 0 {'country': 'nigeria'}
Fri Apr 29 23:11:58 2016 37 5 60 0 0 {'country': 'norway'}
Fri Apr 29 23:12:00 2016 36 5 61 0 0 {'country': 'pakistan'}
Fri Apr 29 23:12:01 2016 35 4 63 0 0 {'country': 'panama'}
Fri Apr 29 23:12:01 2016 34 5 63 0 0 {'country': 'peru'}
Fri Apr 29 23:12:05 2016 33 5 64 0 0 {'country': 'philippines'}
Fri Apr 29 23:12:06 2016 32 5 65 0 0 {'country': 'poland'}
Fri Apr 29 23:12:08 2016 31 5 66 0 0 {'country': 'portugal'}
Fri Apr 29 23:12:09 2016 30 5 67 0 0 {'country': 'romania'}
Fri Apr 29 23:12:10 2016 29 5 68 0 0 {'country': 'russia'}
Fri Apr 29 23:12:13 2016 28 5 69 0 0 {'country': 'saudi-arabia'}
Fri Apr 29 23:12:14 2016 27 5 70 0 0 {'country': 'senegal'}
Fri Apr 29 23:12:16 2016 26 5 71 0 0 {'country': 'serbia'}
Fri Apr 29 23:12:18 2016 25 5 72 0 0 {'country': 'sierra-leone'}
Fri Apr 29 23:12:19 2016 24 5 73 0 0 {'country': 'singapore'}
Fri Apr 29 23:12:20 2016 23 5 74 0 0 {'country': 'slovakia'}
Fri Apr 29 23:12:21 2016 23 5 74 0 0 {'country': 'slovenia'}
Fri Apr 29 23:12:22 2016 23 5 74 0 0 {'country': 'south-africa'}
Fri Apr 29 23:12:24 2016 22 5 75 0 0 {'country': 'south-korea'}
Fri Apr 29 23:12:26 2016 21 5 76 0 0 {'country': 'spain'}
Fri Apr 29 23:12:28 2016 20 5 77 0 0 {'country': 'sri_lanka'}
Fri Apr 29 23:12:31 2016 19 5 78 0 0 {'country': 'surinam'}
Fri Apr 29 23:12:35 2016 18 5 79 0 0 {'country': 'sweden'}
Fri Apr 29 23:12:36 2016 17 5 80 0 0 {'country': 'switzerland'}
Fri Apr 29 23:12:37 2016 16 5 81 0 0 {'country': 'syria'}
Fri Apr 29 23:12:37 2016 15 5 82 0 0 {'country': 'taiwan'}
Fri Apr 29 23:12:38 2016 15 5 82 0 0 {'country': 'tanzania'}
Fri Apr 29 23:12:39 2016 14 5 83 0 0 {'country': 'thailand'}
Fri Apr 29 23:12:39 2016 13 5 84 0 0 {'country': 'trinidad'}
Fri Apr 29 23:12:42 2016 12 5 85 0 0 {'country': 'turkey'}
Fri Apr 29 23:12:43 2016 11 5 86 0 0 {'country': 'ukraine'}
Fri Apr 29 23:12:46 2016 10 5 87 0 0 {'country': 'arab-emirates'}
Fri Apr 29 23:12:46 2016 9 5 88 0 0 {'country': 'united-kingdom'}
Fri Apr 29 23:12:47 2016 8 5 89 0 0 {'country': 'united-states'}
Fri Apr 29 23:12:47 2016 7 5 90 0 0 {'country': 'uruguay'}
Fri Apr 29 23:12:49 2016 6 5 91 0 0 {'country': 'venezuela'}
Fri Apr 29 23:12:55 2016 5 5 92 0 0 {'country': 'vietnam'}
Fri Apr 29 23:12:56 2016 4 5 93 0 0 {'country': 'zambia'}
Fri Apr 29 23:12:57 2016 4 5 93 0 1 {'country': 'guatemala'}
Fri Apr 29 23:13:00 2016 3 5 94 0 1 {'country': 'russia'}
Fri Apr 29 23:13:02 2016 3 5 94 0 1 {'country': 'poland'}
Fri Apr 29 23:13:08 2016 2 5 95 0 1 {'country': 'spain'}
Fri Apr 29 23:13:08 2016 2 5 95 0 1 {'country': 'united-kingdom'}
Fri Apr 29 23:13:10 2016 1 5 96 0 1 {'country': 'venezuela'}
Fri Apr 29 23:13:10 2016 0 5 97 0 1 {'country': 'zambia'}
Fri Apr 29 23:13:16 2016 0 4 98 0 1 {'country': 'united-states'}
